<?xml version="1.0" encoding="UTF-8"?>
<!-- Generated by org.testng.reporters.JUnitReportReporter -->
<testsuite skipped="0" hostname="HDC2-L-C9GKPN2" name="Demos.DemoToursLogin" tests="1" failures="0" timestamp="05 Feb 2019 06:22:23 GMT" time="8.917" errors="0">
  <testcase name="f" time="8.917" classname="Demos.DemoToursLogin"/>
</testsuite> <!-- Demos.DemoToursLogin -->
